335
+----------+------------+------------+--------------+--------------+-------+-------+-------+-------------------------------+----------+---------+----------+----------+--------+-------+
|station_cd|station_g_cd|station_name|station_name_k|station_name_r|line_cd|pref_cd|   post|                        address|       lon|      lat|  open_ymd| close_ymd|e_status| e_sort|
+----------+------------+------------+--------------+--------------+-------+-------+-------+-------------------------------+----------+---------+----------+----------+--------+-------+
|   1110101|     1110101|        函館|          null|          null|  11101|      1|0400063|    北海道函館市若松町１２-１３|140.726413|41.773709|1902-12-10|0000-00-00|       0|1110101|
|   1110102|     1110102|      五稜郭|          null|          null|  11101|      1|0410813|                 函館市亀田本町|140.733539|41.803557|0000-00-00|0000-00-00|       0|1110102|
|   1110103|     1110103|        桔梗|          null|          null|  11101|      1|0410801|北海道函館市桔梗３丁目４１-３６|140.722952|41.846457|1902-12-10|0000-00-00|       0|1110103|
|   1110104|     1110104|      大中山|          null|          null|  11101|      1|0411121|         亀田郡七飯町大字大中山| 140.71358|41.864641|0000-00-00|0000-00-00|       0|1110104|
|   1110105|     1110105|        七飯|          null|          null|  11101|      1|0411111|             亀田郡七飯町字本町|140.688556|41.886971|0000-00-00|0000-00-00|       0|1110105|
|   1110106|     1110106|  新函館北斗|          null|          null|  11101|      1|0411242|               北海道北斗市市渡|140.646525|  41.9054|1902-12-10|0000-00-00|       0|1110106|
|   1110107|     1110107|        仁山|          null|          null|  11101|      1|0411101|             亀田郡七飯町字仁山|140.635183|41.930011|0000-00-00|0000-00-00|       0|1110107|
|   1110108|     1110108|        大沼|          null|          null|  11101|      1|0411354|   北海道亀田郡七飯町字大沼町４|140.669347|41.971954|1903-06-28|0000-00-00|       0|1110108|
|   1110109|     1110109|    大沼公園|          null|          null|  11101|      1|0411354| 北海道亀田郡七飯町字大沼町８５|140.669758|41.980958|1907-06-05|0000-00-00|       0|1110109|
|   1110110|     1110110|      赤井川|          null|          null|  11101|      1|0492142|             茅部郡森町字赤井川|140.642678|42.003267|0000-00-00|0000-00-00|       0|1110110|
|   1110111|     1110111|      駒ケ岳|          null|          null|  11101|      1|0492300|       北海道茅部郡森町字駒ヶ岳|140.610476|42.038809|0000-00-00|0000-00-00|       0|1110111|
|   1110112|     1110112|        東山|          null|          null|  11101|      1|0492141|             茅部郡森町字駒ケ岳|140.605222| 42.06172|1943-02-26|2017-03-04|       2|1110112|
|   1110113|     1110113|        姫川|          null|          null|  11101|      1|0492306|               茅部郡森町字姫川|140.591632|42.081312|1951-05-19|2017-03-04|       2|1110113|
|   1110114|     1110114|      池田園|          null|          null|  11101|      1|0411352|             亀田郡七飯町字軍川|140.700333|41.990692|1945-06-01|2022-03-12|       2|1110114|
|   1110115|     1110115|    流山温泉|          null|          null|  11101|      1|0411351|     亀田郡七飯町字東大沼２３６|140.716358|42.003483|2002-04-27|2022-03-12|       2|1110115|
|   1110116|     1110116|      銚子口|          null|          null|  11101|      1|0411351|           亀田郡七飯町字東大沼|140.720656|42.015471|1945-06-01|2022-03-12|       2|1110116|
|   1110117|     1110117|        鹿部|          null|          null|  11101|      1|0411404|             茅部郡鹿部町字本別|140.771393| 42.06439|0000-00-00|0000-00-00|       0|1110117|
|   1110118|     1110118|    渡島沼尻|          null|          null|  11101|      1|0492223|         茅部郡森町砂原東４丁目|140.747596| 42.10706|0000-00-00|0000-00-00|       0|1110118|
|   1110119|     1110119|    渡島砂原|          null|          null|  11101|      1|0492222|           茅部郡森町砂原４丁目|140.689451| 42.12164|0000-00-00|0000-00-00|       0|1110119|
|   1110120|     1110120|        掛澗|          null|          null|  11101|      1|0492221|         茅部郡森町砂原西３丁目| 140.64598|42.119205|0000-00-00|0000-00-00|       0|1110120|
+----------+------------+------------+--------------+--------------+-------+-------+-------+-------------------------------+----------+---------+----------+----------+--------+-------+
only showing top 20 rows

+---------+------------+--------+---------------+----------+--------------------+----------+--------+--------------------------------+---+---+---+---+---+---+
|area_code|old_zip_code|zip_code|prefecture_kana|munic_kana|           town_kana|prefecture|   munic|                            town| a1| a2| a3| a4| a5| a6|
+---------+------------+--------+---------------+----------+--------------------+----------+--------+--------------------------------+---+---+---+---+---+---+
|    13101|       100  | 1000000|         ﾄｳｷｮｳﾄ|     ﾁﾖﾀﾞｸ|     ｲｶﾆｹｲｻｲｶﾞﾅｲﾊﾞｱｲ|    東京都|千代田区|            以下に掲載がない場合|  0|  0|  0|  0|  0|  0|
|    13101|       102  | 1020072|         ﾄｳｷｮｳﾄ|     ﾁﾖﾀﾞｸ|             ｲｲﾀﾞﾊﾞｼ|    東京都|千代田区|                          飯田橋|  0|  0|  1|  0|  0|  0|
|    13101|       102  | 1020082|         ﾄｳｷｮｳﾄ|     ﾁﾖﾀﾞｸ|            ｲﾁﾊﾞﾝﾁｮｳ|    東京都|千代田区|                          一番町|  0|  0|  0|  0|  0|  0|
|    13101|       101  | 1010032|         ﾄｳｷｮｳﾄ|     ﾁﾖﾀﾞｸ|             ｲﾜﾓﾄﾁｮｳ|    東京都|千代田区|                          岩本町|  0|  0|  1|  0|  0|  0|
|    13101|       101  | 1010047|         ﾄｳｷｮｳﾄ|     ﾁﾖﾀﾞｸ|              ｳﾁｶﾝﾀﾞ|    東京都|千代田区|                          内神田|  0|  0|  1|  0|  0|  0|
|    13101|       100  | 1000011|         ﾄｳｷｮｳﾄ|     ﾁﾖﾀﾞｸ|           ｳﾁｻｲﾜｲﾁｮｳ|    東京都|千代田区|                          内幸町|  0|  0|  1|  0|  0|  0|
|    13101|       100  | 1000004|         ﾄｳｷｮｳﾄ|     ﾁﾖﾀﾞｸ| ｵｵﾃﾏﾁ(ﾂｷﾞﾉﾋﾞﾙｦﾉｿﾞｸ)|    東京都|千代田区|        大手町（次のビルを除く）|  0|  0|  1|  0|  0|  0|
|    13101|       100  | 1006890|         ﾄｳｷｮｳﾄ|     ﾁﾖﾀﾞｸ|ｵｵﾃﾏﾁｼﾞｪｲｴｲﾋﾞﾙ(ﾁｶ...|    東京都|千代田区|大手町ＪＡビル（地階・階層不明）|  0|  0|  0|  0|  0|  0|
|    13101|       100  | 1006801|         ﾄｳｷｮｳﾄ|     ﾁﾖﾀﾞｸ| ｵｵﾃﾏﾁｼﾞｪｲｴｲﾋﾞﾙ(1ｶｲ)|    東京都|千代田区|          大手町ＪＡビル（１階）|  0|  0|  0|  0|  0|  0|
|    13101|       100  | 1006802|         ﾄｳｷｮｳﾄ|     ﾁﾖﾀﾞｸ| ｵｵﾃﾏﾁｼﾞｪｲｴｲﾋﾞﾙ(2ｶｲ)|    東京都|千代田区|          大手町ＪＡビル（２階）|  0|  0|  0|  0|  0|  0|
|    13101|       100  | 1006803|         ﾄｳｷｮｳﾄ|     ﾁﾖﾀﾞｸ| ｵｵﾃﾏﾁｼﾞｪｲｴｲﾋﾞﾙ(3ｶｲ)|    東京都|千代田区|          大手町ＪＡビル（３階）|  0|  0|  0|  0|  0|  0|
|    13101|       100  | 1006804|         ﾄｳｷｮｳﾄ|     ﾁﾖﾀﾞｸ| ｵｵﾃﾏﾁｼﾞｪｲｴｲﾋﾞﾙ(4ｶｲ)|    東京都|千代田区|          大手町ＪＡビル（４階）|  0|  0|  0|  0|  0|  0|
|    13101|       100  | 1006805|         ﾄｳｷｮｳﾄ|     ﾁﾖﾀﾞｸ| ｵｵﾃﾏﾁｼﾞｪｲｴｲﾋﾞﾙ(5ｶｲ)|    東京都|千代田区|          大手町ＪＡビル（５階）|  0|  0|  0|  0|  0|  0|
|    13101|       100  | 1006806|         ﾄｳｷｮｳﾄ|     ﾁﾖﾀﾞｸ| ｵｵﾃﾏﾁｼﾞｪｲｴｲﾋﾞﾙ(6ｶｲ)|    東京都|千代田区|          大手町ＪＡビル（６階）|  0|  0|  0|  0|  0|  0|
|    13101|       100  | 1006807|         ﾄｳｷｮｳﾄ|     ﾁﾖﾀﾞｸ| ｵｵﾃﾏﾁｼﾞｪｲｴｲﾋﾞﾙ(7ｶｲ)|    東京都|千代田区|          大手町ＪＡビル（７階）|  0|  0|  0|  0|  0|  0|
|    13101|       100  | 1006808|         ﾄｳｷｮｳﾄ|     ﾁﾖﾀﾞｸ| ｵｵﾃﾏﾁｼﾞｪｲｴｲﾋﾞﾙ(8ｶｲ)|    東京都|千代田区|          大手町ＪＡビル（８階）|  0|  0|  0|  0|  0|  0|
|    13101|       100  | 1006809|         ﾄｳｷｮｳﾄ|     ﾁﾖﾀﾞｸ| ｵｵﾃﾏﾁｼﾞｪｲｴｲﾋﾞﾙ(9ｶｲ)|    東京都|千代田区|          大手町ＪＡビル（９階）|  0|  0|  0|  0|  0|  0|
|    13101|       100  | 1006810|         ﾄｳｷｮｳﾄ|     ﾁﾖﾀﾞｸ|ｵｵﾃﾏﾁｼﾞｪｲｴｲﾋﾞﾙ(10ｶｲ)|    東京都|千代田区|        大手町ＪＡビル（１０階）|  0|  0|  0|  0|  0|  0|
|    13101|       100  | 1006811|         ﾄｳｷｮｳﾄ|     ﾁﾖﾀﾞｸ|ｵｵﾃﾏﾁｼﾞｪｲｴｲﾋﾞﾙ(11ｶｲ)|    東京都|千代田区|        大手町ＪＡビル（１１階）|  0|  0|  0|  0|  0|  0|
|    13101|       100  | 1006812|         ﾄｳｷｮｳﾄ|     ﾁﾖﾀﾞｸ|ｵｵﾃﾏﾁｼﾞｪｲｴｲﾋﾞﾙ(12ｶｲ)|    東京都|千代田区|        大手町ＪＡビル（１２階）|  0|  0|  0|  0|  0|  0|
+---------+------------+--------+---------------+----------+--------------------+----------+--------+--------------------------------+---+---+---+---+---+---+
only showing top 20 rows

root
 |-- id: string (nullable = true)
 |-- station_id: string (nullable = true)
 |-- station_name: string (nullable = true)
 |-- zip_code: string (nullable = true)
 |-- area_code: string (nullable = true)
 |-- station_code: string (nullable = true)
 |-- survey_id: string (nullable = true)

+--------------------+--------------------+------------+--------+---------+------------+--------------------+
|                  id|          station_id|station_name|zip_code|area_code|station_code|           survey_id|
+--------------------+--------------------+------------+--------+---------+------------+--------------------+
|urn:ucode:_00001C...|odpt.Station:Toky...|        東京| 1000005|    13101|         M17|odpt.PassengerSur...|
|urn:ucode:_00001C...|odpt.Station:Toei...|        新橋| 1050004|    13103|        A-10|odpt.PassengerSur...|
|urn:ucode:_00001C...|odpt.Station:Toky...|        新橋| 1050004|    13103|         G08|odpt.PassengerSur...|
|urn:ucode:_00001C...|odpt.Station:Toei...|      五反田| 1410022|    13109|        A-05|odpt.PassengerSur...|
|urn:ucode:_00001C...|odpt.Station:Toei...|        目黒| 1410021|    13109|        I-01|odpt.PassengerSur...|
|urn:ucode:_00001C...|odpt.Station:Toky...|        目黒| 1410021|    13109|         N01|odpt.PassengerSur...|
|urn:ucode:_00001C...|odpt.Station:Toky...|      恵比寿| 1500022|    13113|         H02|odpt.PassengerSur...|
|urn:ucode:_00001C...|odpt.Station:Toky...|        渋谷| 1500043|    13113|         Z01|odpt.PassengerSur...|
|urn:ucode:_00001C...|odpt.Station:Toky...|        渋谷| 1500043|    13113|         G01|odpt.PassengerSur...|
|urn:ucode:_00001C...|odpt.Station:Toky...|        渋谷| 1500043|    13113|         F16|odpt.PassengerSur...|
|urn:ucode:_00001C...|odpt.Station:Toei...|      代々木| 1510053|    13113|        E-26|odpt.PassengerSur...|
|urn:ucode:_00001C...|odpt.Station:Toei...|        新宿| 1600022|    13104|        S-01|odpt.PassengerSur...|
|urn:ucode:_00001C...|odpt.Station:Toei...|        新宿| 1600022|    13104|        E-27|odpt.PassengerSur...|
|urn:ucode:_00001C...|odpt.Station:Toky...|        新宿| 1600022|    13104|         M08|odpt.PassengerSur...|
|urn:ucode:_00001C...|odpt.Station:Toky...|    高田馬場| 1690075|    13104|         T03|odpt.PassengerSur...|
|urn:ucode:_00001C...|odpt.Station:Toky...|        池袋| 1710022|    13116|         Y09|odpt.PassengerSur...|
|urn:ucode:_00001C...|odpt.Station:Toky...|        池袋| 1710022|    13116|         M25|odpt.PassengerSur...|
|urn:ucode:_00001C...|odpt.Station:Toky...|        池袋| 1710022|    13116|         F09|odpt.PassengerSur...|
|urn:ucode:_00001C...|odpt.Station:Toei...|        巣鴨| 1700002|    13116|        I-15|odpt.PassengerSur...|
|urn:ucode:_00001C...|odpt.Station:Toky...|        駒込| 1700003|    13116|         N14|odpt.PassengerSur...|
+--------------------+--------------------+------------+--------+---------+------------+--------------------+
only showing top 20 rows

682
root
 |-- id: string (nullable = true)
 |-- timetable_id: string (nullable = true)
 |-- direction: string (nullable = true)
 |-- railway: string (nullable = true)
 |-- station: string (nullable = true)
 |-- departure_time: string (nullable = true)
 |-- train_type: string (nullable = true)

+--------------------+--------------------+--------------------+--------------------+--------------------+--------------+--------------------+
|                  id|        timetable_id|           direction|             railway|             station|departure_time|          train_type|
+--------------------+--------------------+--------------------+--------------------+--------------------+--------------+--------------------+
|urn:ucode:_00001C...|odpt.StationTimet...|odpt.RailDirectio...|odpt.Railway:Toky...|odpt.Station:Toky...|         05:10|odpt.TrainType:To...|
|urn:ucode:_00001C...|odpt.StationTimet...|odpt.RailDirectio...|odpt.Railway:Toky...|odpt.Station:Toky...|         05:23|odpt.TrainType:To...|
|urn:ucode:_00001C...|odpt.StationTimet...|odpt.RailDirectio...|odpt.Railway:Toky...|odpt.Station:Toky...|         05:37|odpt.TrainType:To...|
|urn:ucode:_00001C...|odpt.StationTimet...|odpt.RailDirectio...|odpt.Railway:Toky...|odpt.Station:Toky...|         05:49|odpt.TrainType:To...|
|urn:ucode:_00001C...|odpt.StationTimet...|odpt.RailDirectio...|odpt.Railway:Toky...|odpt.Station:Toky...|         05:59|odpt.TrainType:To...|
|urn:ucode:_00001C...|odpt.StationTimet...|odpt.RailDirectio...|odpt.Railway:Toky...|odpt.Station:Toky...|         06:08|odpt.TrainType:To...|
|urn:ucode:_00001C...|odpt.StationTimet...|odpt.RailDirectio...|odpt.Railway:Toky...|odpt.Station:Toky...|         06:17|odpt.TrainType:To...|
|urn:ucode:_00001C...|odpt.StationTimet...|odpt.RailDirectio...|odpt.Railway:Toky...|odpt.Station:Toky...|         06:25|odpt.TrainType:To...|
|urn:ucode:_00001C...|odpt.StationTimet...|odpt.RailDirectio...|odpt.Railway:Toky...|odpt.Station:Toky...|         06:33|odpt.TrainType:To...|
|urn:ucode:_00001C...|odpt.StationTimet...|odpt.RailDirectio...|odpt.Railway:Toky...|odpt.Station:Toky...|         06:41|odpt.TrainType:To...|
|urn:ucode:_00001C...|odpt.StationTimet...|odpt.RailDirectio...|odpt.Railway:Toky...|odpt.Station:Toky...|         06:49|odpt.TrainType:To...|
|urn:ucode:_00001C...|odpt.StationTimet...|odpt.RailDirectio...|odpt.Railway:Toky...|odpt.Station:Toky...|         06:55|odpt.TrainType:To...|
|urn:ucode:_00001C...|odpt.StationTimet...|odpt.RailDirectio...|odpt.Railway:Toky...|odpt.Station:Toky...|         07:02|odpt.TrainType:To...|
|urn:ucode:_00001C...|odpt.StationTimet...|odpt.RailDirectio...|odpt.Railway:Toky...|odpt.Station:Toky...|         07:11|odpt.TrainType:To...|
|urn:ucode:_00001C...|odpt.StationTimet...|odpt.RailDirectio...|odpt.Railway:Toky...|odpt.Station:Toky...|         07:17|odpt.TrainType:To...|
|urn:ucode:_00001C...|odpt.StationTimet...|odpt.RailDirectio...|odpt.Railway:Toky...|odpt.Station:Toky...|         07:25|odpt.TrainType:To...|
|urn:ucode:_00001C...|odpt.StationTimet...|odpt.RailDirectio...|odpt.Railway:Toky...|odpt.Station:Toky...|         07:32|odpt.TrainType:To...|
|urn:ucode:_00001C...|odpt.StationTimet...|odpt.RailDirectio...|odpt.Railway:Toky...|odpt.Station:Toky...|         07:41|odpt.TrainType:To...|
|urn:ucode:_00001C...|odpt.StationTimet...|odpt.RailDirectio...|odpt.Railway:Toky...|odpt.Station:Toky...|         07:46|odpt.TrainType:To...|
|urn:ucode:_00001C...|odpt.StationTimet...|odpt.RailDirectio...|odpt.Railway:Toky...|odpt.Station:Toky...|         07:52|odpt.TrainType:To...|
+--------------------+--------------------+--------------------+--------------------+--------------------+--------------+--------------------+
only showing top 20 rows

273185
+---------+------------+--------+---------------+----------+--------------------+----------+--------+--------------------------------+---+---+---+---+---+---+
|area_code|old_zip_code|zip_code|prefecture_kana|munic_kana|           town_kana|prefecture|   munic|                            town| a1| a2| a3| a4| a5| a6|
+---------+------------+--------+---------------+----------+--------------------+----------+--------+--------------------------------+---+---+---+---+---+---+
|    13101|       100  | 1000000|         ﾄｳｷｮｳﾄ|     ﾁﾖﾀﾞｸ|     ｲｶﾆｹｲｻｲｶﾞﾅｲﾊﾞｱｲ|    東京都|千代田区|            以下に掲載がない場合|  0|  0|  0|  0|  0|  0|
|    13101|       102  | 1020072|         ﾄｳｷｮｳﾄ|     ﾁﾖﾀﾞｸ|             ｲｲﾀﾞﾊﾞｼ|    東京都|千代田区|                          飯田橋|  0|  0|  1|  0|  0|  0|
|    13101|       102  | 1020082|         ﾄｳｷｮｳﾄ|     ﾁﾖﾀﾞｸ|            ｲﾁﾊﾞﾝﾁｮｳ|    東京都|千代田区|                          一番町|  0|  0|  0|  0|  0|  0|
|    13101|       101  | 1010032|         ﾄｳｷｮｳﾄ|     ﾁﾖﾀﾞｸ|             ｲﾜﾓﾄﾁｮｳ|    東京都|千代田区|                          岩本町|  0|  0|  1|  0|  0|  0|
|    13101|       101  | 1010047|         ﾄｳｷｮｳﾄ|     ﾁﾖﾀﾞｸ|              ｳﾁｶﾝﾀﾞ|    東京都|千代田区|                          内神田|  0|  0|  1|  0|  0|  0|
|    13101|       100  | 1000011|         ﾄｳｷｮｳﾄ|     ﾁﾖﾀﾞｸ|           ｳﾁｻｲﾜｲﾁｮｳ|    東京都|千代田区|                          内幸町|  0|  0|  1|  0|  0|  0|
|    13101|       100  | 1000004|         ﾄｳｷｮｳﾄ|     ﾁﾖﾀﾞｸ| ｵｵﾃﾏﾁ(ﾂｷﾞﾉﾋﾞﾙｦﾉｿﾞｸ)|    東京都|千代田区|        大手町（次のビルを除く）|  0|  0|  1|  0|  0|  0|
|    13101|       100  | 1006890|         ﾄｳｷｮｳﾄ|     ﾁﾖﾀﾞｸ|ｵｵﾃﾏﾁｼﾞｪｲｴｲﾋﾞﾙ(ﾁｶ...|    東京都|千代田区|大手町ＪＡビル（地階・階層不明）|  0|  0|  0|  0|  0|  0|
|    13101|       100  | 1006801|         ﾄｳｷｮｳﾄ|     ﾁﾖﾀﾞｸ| ｵｵﾃﾏﾁｼﾞｪｲｴｲﾋﾞﾙ(1ｶｲ)|    東京都|千代田区|          大手町ＪＡビル（１階）|  0|  0|  0|  0|  0|  0|
|    13101|       100  | 1006802|         ﾄｳｷｮｳﾄ|     ﾁﾖﾀﾞｸ| ｵｵﾃﾏﾁｼﾞｪｲｴｲﾋﾞﾙ(2ｶｲ)|    東京都|千代田区|          大手町ＪＡビル（２階）|  0|  0|  0|  0|  0|  0|
|    13101|       100  | 1006803|         ﾄｳｷｮｳﾄ|     ﾁﾖﾀﾞｸ| ｵｵﾃﾏﾁｼﾞｪｲｴｲﾋﾞﾙ(3ｶｲ)|    東京都|千代田区|          大手町ＪＡビル（３階）|  0|  0|  0|  0|  0|  0|
|    13101|       100  | 1006804|         ﾄｳｷｮｳﾄ|     ﾁﾖﾀﾞｸ| ｵｵﾃﾏﾁｼﾞｪｲｴｲﾋﾞﾙ(4ｶｲ)|    東京都|千代田区|          大手町ＪＡビル（４階）|  0|  0|  0|  0|  0|  0|
|    13101|       100  | 1006805|         ﾄｳｷｮｳﾄ|     ﾁﾖﾀﾞｸ| ｵｵﾃﾏﾁｼﾞｪｲｴｲﾋﾞﾙ(5ｶｲ)|    東京都|千代田区|          大手町ＪＡビル（５階）|  0|  0|  0|  0|  0|  0|
|    13101|       100  | 1006806|         ﾄｳｷｮｳﾄ|     ﾁﾖﾀﾞｸ| ｵｵﾃﾏﾁｼﾞｪｲｴｲﾋﾞﾙ(6ｶｲ)|    東京都|千代田区|          大手町ＪＡビル（６階）|  0|  0|  0|  0|  0|  0|
|    13101|       100  | 1006807|         ﾄｳｷｮｳﾄ|     ﾁﾖﾀﾞｸ| ｵｵﾃﾏﾁｼﾞｪｲｴｲﾋﾞﾙ(7ｶｲ)|    東京都|千代田区|          大手町ＪＡビル（７階）|  0|  0|  0|  0|  0|  0|
|    13101|       100  | 1006808|         ﾄｳｷｮｳﾄ|     ﾁﾖﾀﾞｸ| ｵｵﾃﾏﾁｼﾞｪｲｴｲﾋﾞﾙ(8ｶｲ)|    東京都|千代田区|          大手町ＪＡビル（８階）|  0|  0|  0|  0|  0|  0|
|    13101|       100  | 1006809|         ﾄｳｷｮｳﾄ|     ﾁﾖﾀﾞｸ| ｵｵﾃﾏﾁｼﾞｪｲｴｲﾋﾞﾙ(9ｶｲ)|    東京都|千代田区|          大手町ＪＡビル（９階）|  0|  0|  0|  0|  0|  0|
|    13101|       100  | 1006810|         ﾄｳｷｮｳﾄ|     ﾁﾖﾀﾞｸ|ｵｵﾃﾏﾁｼﾞｪｲｴｲﾋﾞﾙ(10ｶｲ)|    東京都|千代田区|        大手町ＪＡビル（１０階）|  0|  0|  0|  0|  0|  0|
|    13101|       100  | 1006811|         ﾄｳｷｮｳﾄ|     ﾁﾖﾀﾞｸ|ｵｵﾃﾏﾁｼﾞｪｲｴｲﾋﾞﾙ(11ｶｲ)|    東京都|千代田区|        大手町ＪＡビル（１１階）|  0|  0|  0|  0|  0|  0|
|    13101|       100  | 1006812|         ﾄｳｷｮｳﾄ|     ﾁﾖﾀﾞｸ|ｵｵﾃﾏﾁｼﾞｪｲｴｲﾋﾞﾙ(12ｶｲ)|    東京都|千代田区|        大手町ＪＡビル（１２階）|  0|  0|  0|  0|  0|  0|
+---------+------------+--------+---------------+----------+--------------------+----------+--------+--------------------------------+---+---+---+---+---+---+
only showing top 20 rows

+---------+------------+------------+------------------+-----------------------+-------------------------+----------+---------------+-----------------+
|area_code|area_name_ja|   area_name|daytime_population|daytime_population_male|daytime_population_female|population|population_male|population_female|
+---------+------------+------------+------------------+-----------------------+-------------------------+----------+---------------+-----------------+
|    13000|        総数|    Tokyo-to|          15920405|                8276840|                  7643565|  13515271|        6666690|          6848581|
|    13100|        区部|      All ku|          12033592|                6429520|                  5604072|   9272740|        4567247|          4705493|
|    13101|    千代田区|  Chiyoda-ku|            853068|                 541135|                   311933|     58406|          29343|            29063|
|    13102|      中央区|     Chuo-ku|            608603|                 371513|                   237090|    141183|          67536|            73647|
|    13103|        港区|   Minato-ku|            940785|                 578045|                   362740|    243283|         114717|           128566|
|    13104|      新宿区| Shinjuku-ku|            775549|                 438794|                   336755|    333560|         167258|           166302|
|    13105|      文京区|   Bunkyo-ku|            346132|                 179619|                   166513|    219724|         105990|           113734|
|    13106|      台東区|    Taito-ku|            303931|                 173096|                   130835|    198073|         101982|            96091|
|    13107|      墨田区|   Sumida-ku|            279181|                 147129|                   132052|    256274|         127925|           128349|
|    13108|      江東区|     Koto-ku|            608532|                 342450|                   266082|    498109|         246750|           251359|
|    13109|      品川区|Shinagawa-ku|            544022|                 311612|                   232410|    386855|         191090|           195765|
|    13110|      目黒区|   Meguro-ku|            293832|                 145165|                   148667|    277622|         130947|           146675|
|    13111|      大田区|      Ota-ku|            693865|                 363471|                   330394|    717082|         359753|           357329|
|    13112|    世田谷区| Setagaya-ku|            856870|                 398659|                   458211|    903346|         428874|           474472|
|    13113|      渋谷区|  Shibuya-ku|            539109|                 286414|                   252695|    224533|         107986|           116547|
|    13114|      中野区|   Nakano-ku|            313270|                 159163|                   154107|    328215|         165382|           162833|
|    13115|      杉並区| Suginami-ku|            479975|                 223384|                   256591|    563997|         271737|           292260|
|    13116|      豊島区|  Toshima-ku|            417146|                 216834|                   200312|    291167|         146827|           144340|
|    13117|        北区|     Kita-ku|            329753|                 166442|                   163311|    341076|         169829|           171247|
|    13118|      荒川区|  Arakawa-ku|            194004|                  98385|                    95619|    212264|         105113|           107151|
+---------+------------+------------+------------------+-----------------------+-------------------------+----------+---------------+-----------------+
only showing top 20 rows

root
 |-- area_code: string (nullable = true)
 |-- area_name_ja: string (nullable = true)
 |-- area_name: string (nullable = true)
 |-- daytime_population: string (nullable = true)
 |-- daytime_population_male: string (nullable = true)
 |-- daytime_population_female: string (nullable = true)
 |-- population: string (nullable = true)
 |-- population_male: string (nullable = true)
 |-- population_female: string (nullable = true)

+--------------------+--------------------+----+----------+--------------+
|                  id|           survey_id|year|passengers|          data|
+--------------------+--------------------+----+----------+--------------+
|urn:ucode:_00001C...|odpt.PassengerSur...|2016|     87514| [87514, 2016]|
|urn:ucode:_00001C...|odpt.PassengerSur...|2017|     92093| [92093, 2017]|
|urn:ucode:_00001C...|odpt.PassengerSur...|2018|     97360| [97360, 2018]|
|urn:ucode:_00001C...|odpt.PassengerSur...|2019|    100337|[100337, 2019]|
|urn:ucode:_00001C...|odpt.PassengerSur...|2020|     74012| [74012, 2020]|
|urn:ucode:_00001C...|odpt.PassengerSur...|2021|     74273| [74273, 2021]|
|urn:ucode:_00001C...|odpt.PassengerSur...|2016|    119136|[119136, 2016]|
|urn:ucode:_00001C...|odpt.PassengerSur...|2017|    127252|[127252, 2017]|
|urn:ucode:_00001C...|odpt.PassengerSur...|2018|    130450|[130450, 2018]|
|urn:ucode:_00001C...|odpt.PassengerSur...|2019|    121665|[121665, 2019]|
|urn:ucode:_00001C...|odpt.PassengerSur...|2020|     66983| [66983, 2020]|
|urn:ucode:_00001C...|odpt.PassengerSur...|2021|     66327| [66327, 2021]|
|urn:ucode:_00001C...|odpt.PassengerSur...|2016|     91641| [91641, 2016]|
|urn:ucode:_00001C...|odpt.PassengerSur...|2017|     95556| [95556, 2017]|
|urn:ucode:_00001C...|odpt.PassengerSur...|2018|     97768| [97768, 2018]|
|urn:ucode:_00001C...|odpt.PassengerSur...|2019|     96839| [96839, 2019]|
|urn:ucode:_00001C...|odpt.PassengerSur...|2020|     59033| [59033, 2020]|
|urn:ucode:_00001C...|odpt.PassengerSur...|2021|     59699| [59699, 2021]|
|urn:ucode:_00001C...|odpt.PassengerSur...|2016|    123152|[123152, 2016]|
|urn:ucode:_00001C...|odpt.PassengerSur...|2017|    125928|[125928, 2017]|
+--------------------+--------------------+----+----------+--------------+
only showing top 20 rows

root
 |-- id: string (nullable = true)
 |-- survey_id: string (nullable = true)
 |-- year: long (nullable = true)
 |-- passengers: long (nullable = true)
 |-- data: struct (nullable = true)
 |    |-- odpt:passengerJourneys: long (nullable = true)
 |    |-- odpt:surveyYear: long (nullable = true)
